[debug] [2024-01-22T20:17:27.934Z] ----------------------------------------------------------------------
[debug] [2024-01-22T20:17:27.938Z] Command:       C:\Program Files\nodejs\node.exe C:\Users\Lenovo\AppData\Roaming\npm\node_modules\firebase-tools\lib\bin\firebase.js projects:list
[debug] [2024-01-22T20:17:27.939Z] CLI Version:   13.0.3
[debug] [2024-01-22T20:17:27.939Z] Platform:      win32
[debug] [2024-01-22T20:17:27.940Z] Node Version:  v19.2.0
[debug] [2024-01-22T20:17:27.940Z] Time:          Mon Jan 22 2024 21:17:27 GMT+0100 (GMT+01:00)
[debug] [2024-01-22T20:17:27.940Z] ----------------------------------------------------------------------
[debug] 
[debug] [2024-01-22T20:17:27.950Z] > command requires scopes: ["email","openid","https://www.googleapis.com/auth/cloudplatformprojects.readonly","https://www.googleapis.com/auth/firebase","https://www.googleapis.com/auth/cloud-platform"]
[debug] [2024-01-22T20:17:27.950Z] > authorizing via signed-in user (yahyabenjdy044@gmail.com)
[debug] [2024-01-22T20:17:27.957Z] > refreshing access token with scopes: []
[debug] [2024-01-22T20:17:27.959Z] >>> [apiv2][query] POST https://www.googleapis.com/oauth2/v3/token [none]
[debug] [2024-01-22T20:17:27.959Z] >>> [apiv2][body] POST https://www.googleapis.com/oauth2/v3/token [omitted]
[debug] [2024-01-22T20:17:28.214Z] <<< [apiv2][status] POST https://www.googleapis.com/oauth2/v3/token 400
[debug] [2024-01-22T20:17:28.215Z] <<< [apiv2][body] POST https://www.googleapis.com/oauth2/v3/token [omitted]
[debug] [2024-01-22T20:17:28.216Z] >>> [apiv2][query] GET https://firebase.googleapis.com/v1beta1/projects pageSize=1000
[debug] [2024-01-22T20:17:28.369Z] <<< [apiv2][status] GET https://firebase.googleapis.com/v1beta1/projects 401
[debug] [2024-01-22T20:17:28.369Z] <<< [apiv2][body] GET https://firebase.googleapis.com/v1beta1/projects [omitted]
[debug] [2024-01-22T20:17:28.371Z] HTTP Error: 401, Request had invalid authentication credentials. Expected OAuth 2 access token, login cookie or other valid authentication credential. See https://developers.google.com/identity/sign-in/web/devconsole-project.
[debug] [2024-01-22T20:17:28.494Z] FirebaseError: HTTP Error: 401, Request had invalid authentication credentials. Expected OAuth 2 access token, login cookie or other valid authentication credential. See https://developers.google.com/identity/sign-in/web/devconsole-project.
    at responseToError (C:\Users\Lenovo\AppData\Roaming\npm\node_modules\firebase-tools\lib\responseToError.js:49:12)
    at RetryOperation._fn (C:\Users\Lenovo\AppData\Roaming\npm\node_modules\firebase-tools\lib\apiv2.js:292:77)
    at process.processTicksAndRejections (node:internal/process/task_queues:95:5)
[error] 
[error] Error: Failed to list Firebase projects. See firebase-debug.log for more info.
